build/app/intermediates/manifest_merge_blame_file/release/processReleaseMainManifest/manifest-merger-blame-release-report.txt
1<?xml version="1.0" encoding="utf-8"?>
2<manifest xmlns:android="http://schemas.android.com/apk/res/android"
3    package="com.example.ganabo"
4    android:versionCode="1"
5    android:versionName="0.1.0" >
6
7    <uses-sdk
8        android:minSdkVersion="21"
9        android:targetSdkVersion="35" />
10
11    <uses-permission android:name="android.permission.INTERNET" />
11-->src\main\AndroidManifest.xml:2:5-67
11-->src\main\AndroidManifest.xml:2:22-64
12    <uses-permission android:name="android.permission.WRITE_EXTERNAL_STORAGE" />
12-->src\main\AndroidManifest.xml:3:5-81
12-->src\main\AndroidManifest.xml:3:22-78
13    <uses-permission android:name="android.permission.READ_EXTERNAL_STORAGE" />
13-->src\main\AndroidManifest.xml:4:5-80
13-->src\main\AndroidManifest.xml:4:22-77
14    <uses-permission android:name="android.permission.MANAGE_EXTERNAL_STORAGE" />
14-->src\main\AndroidManifest.xml:5:5-82
14-->src\main\AndroidManifest.xml:5:22-79
15    <!--
16         Required to query activities that can process text, see:
17         https://developer.android.com/training/package-visibility and
18         https://developer.android.com/reference/android/content/Intent#ACTION_PROCESS_TEXT.
19
20         In particular, this is used by the Flutter engine in io.flutter.plugin.text.ProcessTextPlugin.
21    -->
22    <queries>
22-->src\main\AndroidManifest.xml:45:5-54:15
23        <intent>
23-->src\main\AndroidManifest.xml:46:9-49:18
24            <action android:name="android.intent.action.PROCESS_TEXT" />
24-->src\main\AndroidManifest.xml:47:13-72
24-->src\main\AndroidManifest.xml:47:21-70
25
26            <data android:mimeType="text/plain" />
26-->src\main\AndroidManifest.xml:48:13-50
26-->src\main\AndroidManifest.xml:48:19-48
27        </intent>
28        <intent>
28-->src\main\AndroidManifest.xml:50:9-53:18
29            <action android:name="android.intent.action.VIEW" />
29-->src\main\AndroidManifest.xml:51:13-65
29-->src\main\AndroidManifest.xml:51:21-62
30
31            <data android:scheme="https" />
31-->src\main\AndroidManifest.xml:48:13-50
31-->src\main\AndroidManifest.xml:52:19-41
32        </intent>
33        <!-- Needs to be explicitly declared on Android R+ -->
34        <package android:name="com.google.android.apps.maps" />
34-->[com.google.android.gms:play-services-maps:19.2.0] AndroidManifest.xml:29:7-61
34-->[com.google.android.gms:play-services-maps:19.2.0] AndroidManifest.xml:29:16-59
35    </queries>
36    <!-- Include required permissions for Google Maps API to run. -->
37    <uses-permission android:name="android.permission.ACCESS_NETWORK_STATE" />
37-->[com.google.android.gms:play-services-maps:19.2.0] AndroidManifest.xml:20:5-78
37-->[com.google.android.gms:play-services-maps:19.2.0] AndroidManifest.xml:20:22-76
38
39    <uses-feature
39-->[com.google.android.gms:play-services-maps:19.2.0] AndroidManifest.xml:22:5-24:33
40        android:glEsVersion="0x00020000"
40-->[com.google.android.gms:play-services-maps:19.2.0] AndroidManifest.xml:23:8-40
41        android:required="true" />
41-->[com.google.android.gms:play-services-maps:19.2.0] AndroidManifest.xml:24:8-31
42
43    <permission
43-->[androidx.core:core:1.16.0] AndroidManifest.xml:22:5-24:47
44        android:name="com.example.ganabo.DYNAMIC_RECEIVER_NOT_EXPORTED_PERMISSION"
44-->[androidx.core:core:1.16.0] AndroidManifest.xml:23:9-81
45        android:protectionLevel="signature" />
45-->[androidx.core:core:1.16.0] AndroidManifest.xml:24:9-44
46
47    <uses-permission android:name="com.example.ganabo.DYNAMIC_RECEIVER_NOT_EXPORTED_PERMISSION" />
47-->[androidx.core:core:1.16.0] AndroidManifest.xml:26:5-97
47-->[androidx.core:core:1.16.0] AndroidManifest.xml:26:22-94
48
49    <application
50        android:name="android.app.Application"
50-->src\main\AndroidManifest.xml:8:9-42
51        android:appComponentFactory="androidx.core.app.CoreComponentFactory"
51-->[androidx.core:core:1.16.0] AndroidManifest.xml:28:18-86
52        android:extractNativeLibs="true"
53        android:icon="@mipmap/launcher_icon"
53-->src\main\AndroidManifest.xml:9:9-45
54        android:label="ganabo"
54-->src\main\AndroidManifest.xml:7:9-31
55        android:networkSecurityConfig="@xml/network_security_config"
55-->src\main\AndroidManifest.xml:10:9-69
56        android:usesCleartextTraffic="true" >
56-->src\main\AndroidManifest.xml:11:9-44
57        <activity
57-->src\main\AndroidManifest.xml:12:9-33:20
58            android:name="com.example.ganabo.MainActivity"
58-->src\main\AndroidManifest.xml:13:13-41
59            android:configChanges="orientation|keyboardHidden|keyboard|screenSize|smallestScreenSize|locale|layoutDirection|fontScale|screenLayout|density|uiMode"
59-->src\main\AndroidManifest.xml:18:13-163
60            android:exported="true"
60-->src\main\AndroidManifest.xml:14:13-36
61            android:hardwareAccelerated="true"
61-->src\main\AndroidManifest.xml:19:13-47
62            android:launchMode="singleTop"
62-->src\main\AndroidManifest.xml:15:13-43
63            android:taskAffinity=""
63-->src\main\AndroidManifest.xml:16:13-36
64            android:theme="@style/LaunchTheme"
64-->src\main\AndroidManifest.xml:17:13-47
65            android:windowSoftInputMode="adjustResize" >
65-->src\main\AndroidManifest.xml:20:13-55
66
67            <!--
68                 Specifies an Android theme to apply to this Activity as soon as
69                 the Android process has started. This theme is visible to the user
70                 while the Flutter UI initializes. After that, this theme continues
71                 to determine the Window background behind the Flutter UI.
72            -->
73            <meta-data
73-->src\main\AndroidManifest.xml:25:13-28:17
74                android:name="io.flutter.embedding.android.NormalTheme"
74-->src\main\AndroidManifest.xml:26:15-70
75                android:resource="@style/NormalTheme" />
75-->src\main\AndroidManifest.xml:27:15-52
76
77            <intent-filter>
77-->src\main\AndroidManifest.xml:29:13-32:29
78                <action android:name="android.intent.action.MAIN" />
78-->src\main\AndroidManifest.xml:30:17-68
78-->src\main\AndroidManifest.xml:30:25-66
79
80                <category android:name="android.intent.category.LAUNCHER" />
80-->src\main\AndroidManifest.xml:31:17-76
80-->src\main\AndroidManifest.xml:31:27-74
81            </intent-filter>
82        </activity>
83        <!--
84             Don't delete the meta-data below.
85             This is used by the Flutter tool to generate GeneratedPluginRegistrant.java
86        -->
87        <meta-data
87-->src\main\AndroidManifest.xml:36:9-38:33
88            android:name="flutterEmbedding"
88-->src\main\AndroidManifest.xml:37:13-44
89            android:value="2" />
89-->src\main\AndroidManifest.xml:38:13-30
90
91        <service
91-->[:geolocator_android] AndroidManifest.xml:8:9-12:56
92            android:name="com.baseflow.geolocator.GeolocatorLocationService"
92-->[:geolocator_android] AndroidManifest.xml:9:13-77
93            android:enabled="true"
93-->[:geolocator_android] AndroidManifest.xml:10:13-35
94            android:exported="false"
94-->[:geolocator_android] AndroidManifest.xml:11:13-37
95            android:foregroundServiceType="location" />
95-->[:geolocator_android] AndroidManifest.xml:12:13-53
96
97        <provider
97-->[:image_picker_android] AndroidManifest.xml:9:9-17:20
98            android:name="io.flutter.plugins.imagepicker.ImagePickerFileProvider"
98-->[:image_picker_android] AndroidManifest.xml:10:13-82
99            android:authorities="com.example.ganabo.flutter.image_provider"
99-->[:image_picker_android] AndroidManifest.xml:11:13-74
100            android:exported="false"
100-->[:image_picker_android] AndroidManifest.xml:12:13-37
101            android:grantUriPermissions="true" >
101-->[:image_picker_android] AndroidManifest.xml:13:13-47
102            <meta-data
102-->[:image_picker_android] AndroidManifest.xml:14:13-16:75
103                android:name="android.support.FILE_PROVIDER_PATHS"
103-->[:image_picker_android] AndroidManifest.xml:15:17-67
104                android:resource="@xml/flutter_image_picker_file_paths" />
104-->[:image_picker_android] AndroidManifest.xml:16:17-72
105        </provider> <!-- Trigger Google Play services to install the backported photo picker module. -->
106        <service
106-->[:image_picker_android] AndroidManifest.xml:19:9-31:19
107            android:name="com.google.android.gms.metadata.ModuleDependencies"
107-->[:image_picker_android] AndroidManifest.xml:20:13-78
108            android:enabled="false"
108-->[:image_picker_android] AndroidManifest.xml:21:13-36
109            android:exported="false" >
109-->[:image_picker_android] AndroidManifest.xml:22:13-37
110            <intent-filter>
110-->[:image_picker_android] AndroidManifest.xml:24:13-26:29
111                <action android:name="com.google.android.gms.metadata.MODULE_DEPENDENCIES" />
111-->[:image_picker_android] AndroidManifest.xml:25:17-94
111-->[:image_picker_android] AndroidManifest.xml:25:25-91
112            </intent-filter>
113
114            <meta-data
114-->[:image_picker_android] AndroidManifest.xml:28:13-30:36
115                android:name="photopicker_activity:0:required"
115-->[:image_picker_android] AndroidManifest.xml:29:17-63
116                android:value="" />
116-->[:image_picker_android] AndroidManifest.xml:30:17-33
117        </service>
118
119        <provider
119-->[:open_file_android] AndroidManifest.xml:9:9-19:20
120            android:name="com.crazecoder.openfile.FileProvider"
120-->[:open_file_android] AndroidManifest.xml:10:13-64
121            android:authorities="com.example.ganabo.fileProvider.com.crazecoder.openfile"
121-->[:open_file_android] AndroidManifest.xml:11:13-88
122            android:exported="false"
122-->[:open_file_android] AndroidManifest.xml:12:13-37
123            android:grantUriPermissions="true"
123-->[:open_file_android] AndroidManifest.xml:13:13-47
124            android:requestLegacyExternalStorage="true" >
124-->[:open_file_android] AndroidManifest.xml:14:13-56
125            <meta-data
125-->[:image_picker_android] AndroidManifest.xml:14:13-16:75
126                android:name="android.support.FILE_PROVIDER_PATHS"
126-->[:image_picker_android] AndroidManifest.xml:15:17-67
127                android:resource="@xml/filepaths" />
127-->[:image_picker_android] AndroidManifest.xml:16:17-72
128        </provider>
129
130        <activity
130-->[:url_launcher_android] AndroidManifest.xml:8:9-11:74
131            android:name="io.flutter.plugins.urllauncher.WebViewActivity"
131-->[:url_launcher_android] AndroidManifest.xml:9:13-74
132            android:exported="false"
132-->[:url_launcher_android] AndroidManifest.xml:10:13-37
133            android:theme="@android:style/Theme.NoTitleBar.Fullscreen" /> <!-- Needs to be explicitly declared on P+ -->
133-->[:url_launcher_android] AndroidManifest.xml:11:13-71
134        <uses-library
134-->[com.google.android.gms:play-services-maps:19.2.0] AndroidManifest.xml:33:7-86
135            android:name="org.apache.http.legacy"
135-->[com.google.android.gms:play-services-maps:19.2.0] AndroidManifest.xml:33:21-58
136            android:required="false" />
136-->[com.google.android.gms:play-services-maps:19.2.0] AndroidManifest.xml:33:59-83
137
138        <activity
138-->[com.google.android.gms:play-services-base:18.5.0] AndroidManifest.xml:5:9-173
139            android:name="com.google.android.gms.common.api.GoogleApiActivity"
139-->[com.google.android.gms:play-services-base:18.5.0] AndroidManifest.xml:5:19-85
140            android:exported="false"
140-->[com.google.android.gms:play-services-base:18.5.0] AndroidManifest.xml:5:146-170
141            android:theme="@android:style/Theme.Translucent.NoTitleBar" />
141-->[com.google.android.gms:play-services-base:18.5.0] AndroidManifest.xml:5:86-145
142
143        <meta-data
143-->[com.google.android.gms:play-services-basement:18.4.0] AndroidManifest.xml:6:9-122
144            android:name="com.google.android.gms.version"
144-->[com.google.android.gms:play-services-basement:18.4.0] AndroidManifest.xml:6:20-65
145            android:value="@integer/google_play_services_version" />
145-->[com.google.android.gms:play-services-basement:18.4.0] AndroidManifest.xml:6:66-119
146
147        <uses-library
147-->[androidx.window:window:1.2.0] AndroidManifest.xml:23:9-25:40
148            android:name="androidx.window.extensions"
148-->[androidx.window:window:1.2.0] AndroidManifest.xml:24:13-54
149            android:required="false" />
149-->[androidx.window:window:1.2.0] AndroidManifest.xml:25:13-37
150        <uses-library
150-->[androidx.window:window:1.2.0] AndroidManifest.xml:26:9-28:40
151            android:name="androidx.window.sidecar"
151-->[androidx.window:window:1.2.0] AndroidManifest.xml:27:13-51
152            android:required="false" />
152-->[androidx.window:window:1.2.0] AndroidManifest.xml:28:13-37
153
154        <provider
154-->[androidx.emoji2:emoji2:1.2.0] AndroidManifest.xml:24:9-32:20
155            android:name="androidx.startup.InitializationProvider"
155-->[androidx.emoji2:emoji2:1.2.0] AndroidManifest.xml:25:13-67
156            android:authorities="com.example.ganabo.androidx-startup"
156-->[androidx.emoji2:emoji2:1.2.0] AndroidManifest.xml:26:13-68
157            android:exported="false" >
157-->[androidx.emoji2:emoji2:1.2.0] AndroidManifest.xml:27:13-37
158            <meta-data
158-->[androidx.emoji2:emoji2:1.2.0] AndroidManifest.xml:29:13-31:52
159                android:name="androidx.emoji2.text.EmojiCompatInitializer"
159-->[androidx.emoji2:emoji2:1.2.0] AndroidManifest.xml:30:17-75
160                android:value="androidx.startup" />
160-->[androidx.emoji2:emoji2:1.2.0] AndroidManifest.xml:31:17-49
161            <meta-data
161-->[androidx.lifecycle:lifecycle-process:2.7.0] AndroidManifest.xml:29:13-31:52
162                android:name="androidx.lifecycle.ProcessLifecycleInitializer"
162-->[androidx.lifecycle:lifecycle-process:2.7.0] AndroidManifest.xml:30:17-78
163                android:value="androidx.startup" />
163-->[androidx.lifecycle:lifecycle-process:2.7.0] AndroidManifest.xml:31:17-49
164            <meta-data
164-->[androidx.profileinstaller:profileinstaller:1.4.0] AndroidManifest.xml:29:13-31:52
165                android:name="androidx.profileinstaller.ProfileInstallerInitializer"
165-->[androidx.profileinstaller:profileinstaller:1.4.0] AndroidManifest.xml:30:17-85
166                android:value="androidx.startup" />
166-->[androidx.profileinstaller:profileinstaller:1.4.0] AndroidManifest.xml:31:17-49
167        </provider>
168
169        <receiver
169-->[androidx.profileinstaller:profileinstaller:1.4.0] AndroidManifest.xml:34:9-52:20
170            android:name="androidx.profileinstaller.ProfileInstallReceiver"
170-->[androidx.profileinstaller:profileinstaller:1.4.0] AndroidManifest.xml:35:13-76
171            android:directBootAware="false"
171-->[androidx.profileinstaller:profileinstaller:1.4.0] AndroidManifest.xml:36:13-44
172            android:enabled="true"
172-->[androidx.profileinstaller:profileinstaller:1.4.0] AndroidManifest.xml:37:13-35
173            android:exported="true"
173-->[androidx.profileinstaller:profileinstaller:1.4.0] AndroidManifest.xml:38:13-36
174            android:permission="android.permission.DUMP" >
174-->[androidx.profileinstaller:profileinstaller:1.4.0] AndroidManifest.xml:39:13-57
175            <intent-filter>
175-->[androidx.profileinstaller:profileinstaller:1.4.0] AndroidManifest.xml:40:13-42:29
176                <action android:name="androidx.profileinstaller.action.INSTALL_PROFILE" />
176-->[androidx.profileinstaller:profileinstaller:1.4.0] AndroidManifest.xml:41:17-91
176-->[androidx.profileinstaller:profileinstaller:1.4.0] AndroidManifest.xml:41:25-88
177            </intent-filter>
178            <intent-filter>
178-->[androidx.profileinstaller:profileinstaller:1.4.0] AndroidManifest.xml:43:13-45:29
179                <action android:name="androidx.profileinstaller.action.SKIP_FILE" />
179-->[androidx.profileinstaller:profileinstaller:1.4.0] AndroidManifest.xml:44:17-85
179-->[androidx.profileinstaller:profileinstaller:1.4.0] AndroidManifest.xml:44:25-82
180            </intent-filter>
181            <intent-filter>
181-->[androidx.profileinstaller:profileinstaller:1.4.0] AndroidManifest.xml:46:13-48:29
182                <action android:name="androidx.profileinstaller.action.SAVE_PROFILE" />
182-->[androidx.profileinstaller:profileinstaller:1.4.0] AndroidManifest.xml:47:17-88
182-->[androidx.profileinstaller:profileinstaller:1.4.0] AndroidManifest.xml:47:25-85
183            </intent-filter>
184            <intent-filter>
184-->[androidx.profileinstaller:profileinstaller:1.4.0] AndroidManifest.xml:49:13-51:29
185                <action android:name="androidx.profileinstaller.action.BENCHMARK_OPERATION" />
185-->[androidx.profileinstaller:profileinstaller:1.4.0] AndroidManifest.xml:50:17-95
185-->[androidx.profileinstaller:profileinstaller:1.4.0] AndroidManifest.xml:50:25-92
186            </intent-filter>
187        </receiver>
188    </application>
189
190</manifest>